<?xml version="1.0" encoding="UTF-8"?>
<!-- Generated by org.testng.reporters.JUnitReportReporter -->
<testsuite skipped="0" hostname="vvbcf-PC" name="testcases.TC_002_SignIn_Page" tests="1" failures="0" timestamp="30 Nov 2017 17:50:19 GMT" time="49.509" errors="0">
  <testcase name="registerNewUser" time="49.509" classname="testcases.TC_002_SignIn_Page"/>
</testsuite> <!-- testcases.TC_002_SignIn_Page -->
