<?xml version="1.0" encoding="UTF-8"?>
<!-- Generated by org.testng.reporters.JUnitReportReporter -->
<testsuite skipped="0" hostname="vvbcf-PC" name="testcases.TC_003_SampleSignInandSignOut" tests="1" failures="0" timestamp="03 Dec 2017 03:29:38 GMT" time="26.508" errors="0">
  <testcase name="loginIntoApp" time="26.508" classname="testcases.TC_003_SampleSignInandSignOut"/>
</testsuite> <!-- testcases.TC_003_SampleSignInandSignOut -->
