<?xml version="1.0" encoding="UTF-8"?>
<!-- Generated by org.testng.reporters.JUnitReportReporter -->
<testsuite skipped="0" hostname="vvbcf-PC" name="testcases.TC_001_VerifyHompePageAndLinks" tests="3" failures="0" timestamp="21 Nov 2017 17:27:25 GMT" time="6.791" errors="0">
  <testcase name="verifyhomePage" time="0.554" classname="testcases.TC_001_VerifyHompePageAndLinks"/>
  <testcase name="verifyContactUsLink" time="3.153" classname="testcases.TC_001_VerifyHompePageAndLinks"/>
  <testcase name="verifySingInLink" time="3.084" classname="testcases.TC_001_VerifyHompePageAndLinks"/>
</testsuite> <!-- testcases.TC_001_VerifyHompePageAndLinks -->
